0 info it worked if it ends with ok
1 verbose cli [ '/usr/local/Cellar/node/6.2.1/bin/node',
1 verbose cli   '/usr/local/bin/npm',
1 verbose cli   'publish' ]
2 info using npm@4.1.2
3 info using node@v7.7.3
4 verbose publish [ '.' ]
5 silly cache add args [ '.', null ]
6 verbose cache add spec .
7 silly cache add parsed spec Result {
7 silly cache add   raw: '.',
7 silly cache add   scope: null,
7 silly cache add   escapedName: null,
7 silly cache add   name: null,
7 silly cache add   rawSpec: '.',
7 silly cache add   spec: '/Users/cagatay/Desktop/did-you-mean',
7 silly cache add   type: 'directory' }
8 verbose addLocalDirectory /Users/cagatay/.npm/did-you-mean/1.0.0/package.tgz not in flight; packing
9 verbose correctMkdir /Users/cagatay/.npm correctMkdir not in flight; initializing
10 info lifecycle did-you-mean@1.0.0~prepublish: did-you-mean@1.0.0
11 silly lifecycle did-you-mean@1.0.0~prepublish: no script for prepublish, continuing
12 info lifecycle did-you-mean@1.0.0~prepare: did-you-mean@1.0.0
13 silly lifecycle did-you-mean@1.0.0~prepare: no script for prepare, continuing
14 verbose tar pack [ '/Users/cagatay/.npm/did-you-mean/1.0.0/package.tgz',
14 verbose tar pack   '/Users/cagatay/Desktop/did-you-mean' ]
15 verbose tarball /Users/cagatay/.npm/did-you-mean/1.0.0/package.tgz
16 verbose folder /Users/cagatay/Desktop/did-you-mean
17 verbose addLocalTarball adding from inside cache /Users/cagatay/.npm/did-you-mean/1.0.0/package.tgz
18 verbose correctMkdir /Users/cagatay/.npm correctMkdir not in flight; initializing
19 silly cache afterAdd did-you-mean@1.0.0
20 verbose afterAdd /Users/cagatay/.npm/did-you-mean/1.0.0/package/package.json not in flight; writing
21 verbose correctMkdir /Users/cagatay/.npm correctMkdir not in flight; initializing
22 verbose afterAdd /Users/cagatay/.npm/did-you-mean/1.0.0/package/package.json written
23 silly publish { name: 'did-you-mean',
23 silly publish   version: '1.0.0',
23 silly publish   description: 'Did you mean as a service.',
23 silly publish   main: 'index.js',
23 silly publish   scripts: { test: 'node test.js' },
23 silly publish   keywords: [ 'did', 'you', 'mean' ],
23 silly publish   author: { name: 'Çağatay Çalı' },
23 silly publish   license: 'ISC',
23 silly publish   dependencies:
23 silly publish    { compromise: '^10.0.0',
23 silly publish      'google-translate-api': '^2.2.2',
23 silly publish      'html-entities': '^1.2.0' },
23 silly publish   gitHead: 'c85ad72e0b4556ae276ba53192c15a2a0e013065',
23 silly publish   readme: 'ERROR: No README data found!',
23 silly publish   _id: 'did-you-mean@1.0.0',
23 silly publish   _shasum: 'ee045548e832b019253f543057b82463ced775f2',
23 silly publish   _from: '.' }
24 info lifecycle did-you-mean@1.0.0~prepublishOnly: did-you-mean@1.0.0
25 silly lifecycle did-you-mean@1.0.0~prepublishOnly: no script for prepublishOnly, continuing
26 verbose getPublishConfig undefined
27 silly mapToRegistry name did-you-mean
28 silly mapToRegistry using default registry
29 silly mapToRegistry registry https://registry.npmjs.org/
30 silly mapToRegistry data Result {
30 silly mapToRegistry   raw: 'did-you-mean',
30 silly mapToRegistry   scope: null,
30 silly mapToRegistry   escapedName: 'did-you-mean',
30 silly mapToRegistry   name: 'did-you-mean',
30 silly mapToRegistry   rawSpec: '',
30 silly mapToRegistry   spec: 'latest',
30 silly mapToRegistry   type: 'tag' }
31 silly mapToRegistry uri https://registry.npmjs.org/did-you-mean
32 verbose publish registryBase https://registry.npmjs.org/
33 silly publish uploading /Users/cagatay/.npm/did-you-mean/1.0.0/package.tgz
34 verbose request uri https://registry.npmjs.org/did-you-mean
35 verbose request sending authorization for write operation
36 info attempt registry request try #1 at 10:43:06 PM
37 verbose request using bearer token for auth
38 verbose request id 05633f0cdc659897
39 http request PUT https://registry.npmjs.org/did-you-mean
40 http 403 https://registry.npmjs.org/did-you-mean
41 verbose headers { 'content-type': 'application/json',
41 verbose headers   'cache-control': 'max-age=300',
41 verbose headers   'content-length': '106',
41 verbose headers   'accept-ranges': 'bytes',
41 verbose headers   date: 'Sat, 22 Apr 2017 19:43:07 GMT',
41 verbose headers   via: '1.1 varnish',
41 verbose headers   connection: 'keep-alive',
41 verbose headers   'x-served-by': 'cache-ams4432-AMS',
41 verbose headers   'x-cache': 'MISS',
41 verbose headers   'x-cache-hits': '0',
41 verbose headers   'x-timer': 'S1492890187.545884,VS0,VE972',
41 verbose headers   vary: 'Accept-Encoding' }
42 verbose request invalidating /Users/cagatay/.npm/registry.npmjs.org/did-you-mean on PUT
43 error publish Failed PUT 403
44 verbose stack Error: you do not have permission to publish "did-you-mean". Are you logged in as the correct user? : did-you-mean
44 verbose stack     at makeError (/usr/local/lib/node_modules/npm/node_modules/npm-registry-client/lib/request.js:304:12)
44 verbose stack     at CachingRegistryClient.<anonymous> (/usr/local/lib/node_modules/npm/node_modules/npm-registry-client/lib/request.js:292:14)
44 verbose stack     at Request._callback (/usr/local/lib/node_modules/npm/node_modules/npm-registry-client/lib/request.js:212:14)
44 verbose stack     at Request.self.callback (/usr/local/lib/node_modules/npm/node_modules/request/request.js:186:22)
44 verbose stack     at emitTwo (events.js:106:13)
44 verbose stack     at Request.emit (events.js:194:7)
44 verbose stack     at Request.<anonymous> (/usr/local/lib/node_modules/npm/node_modules/request/request.js:1081:10)
44 verbose stack     at emitOne (events.js:96:13)
44 verbose stack     at Request.emit (events.js:191:7)
44 verbose stack     at IncomingMessage.<anonymous> (/usr/local/lib/node_modules/npm/node_modules/request/request.js:1001:12)
45 verbose statusCode 403
46 verbose pkgid did-you-mean
47 verbose cwd /Users/cagatay/Desktop/did-you-mean
48 error Darwin 16.6.0
49 error argv "/usr/local/Cellar/node/6.2.1/bin/node" "/usr/local/bin/npm" "publish"
50 error node v7.7.3
51 error npm  v4.1.2
52 error code E403
53 error you do not have permission to publish "did-you-mean". Are you logged in as the correct user? : did-you-mean
54 error If you need help, you may report this error at:
54 error     <https://github.com/npm/npm/issues>
55 verbose exit [ 1, true ]
